<?xml version="1.0" encoding="UTF-8"?>
<testng-results ignored="0" total="5" passed="5" failed="0" skipped="0">
  <reporter-output>
  </reporter-output>
  <suite started-at="2023-10-11T14:46:11 IST" name="Suite" finished-at="2023-10-11T14:46:26 IST" duration-ms="15046">
    <groups>
    </groups>
    <test started-at="2023-10-11T14:46:11 IST" name="Test" finished-at="2023-10-11T14:46:26 IST" duration-ms="15046">
      <class name="com.qa.TestScript.TestScenarios">
        <test-method is-config="true" signature="Setup()[pri:0, instance:com.qa.TestScript.TestScenarios@5824a83d]" started-at="2023-10-11T14:46:11 IST" name="Setup" finished-at="2023-10-11T14:46:24 IST" duration-ms="13700" status="PASS">
          <reporter-output>
          </reporter-output>
        </test-method> <!-- Setup -->
        <test-method signature="VerifyFileFormat()[pri:1, instance:com.qa.TestScript.TestScenarios@5824a83d]" started-at="2023-10-11T14:46:24 IST" name="VerifyFileFormat" finished-at="2023-10-11T14:46:24 IST" duration-ms="0" status="PASS">
          <reporter-output>
          </reporter-output>
        </test-method> <!-- VerifyFileFormat -->
        <test-method signature="ValidateVersionofPDF()[pri:2, instance:com.qa.TestScript.TestScenarios@5824a83d]" started-at="2023-10-11T14:46:24 IST" name="ValidateVersionofPDF" finished-at="2023-10-11T14:46:24 IST" duration-ms="0" status="PASS">
          <reporter-output>
          </reporter-output>
        </test-method> <!-- ValidateVersionofPDF -->
        <test-method signature="CheckPasswordProtectionofPDF()[pri:3, instance:com.qa.TestScript.TestScenarios@5824a83d]" started-at="2023-10-11T14:46:24 IST" name="CheckPasswordProtectionofPDF" finished-at="2023-10-11T14:46:24 IST" duration-ms="0" status="PASS">
          <reporter-output>
          </reporter-output>
        </test-method> <!-- CheckPasswordProtectionofPDF -->
        <test-method signature="ContentValidation()[pri:4, instance:com.qa.TestScript.TestScenarios@5824a83d]" started-at="2023-10-11T14:46:24 IST" name="ContentValidation" finished-at="2023-10-11T14:46:25 IST" duration-ms="1022" status="PASS">
          <reporter-output>
          </reporter-output>
        </test-method> <!-- ContentValidation -->
        <test-method signature="ValidatingLinksandBookmarks()[pri:5, instance:com.qa.TestScript.TestScenarios@5824a83d]" started-at="2023-10-11T14:46:25 IST" name="ValidatingLinksandBookmarks" finished-at="2023-10-11T14:46:25 IST" duration-ms="15" status="PASS">
          <reporter-output>
          </reporter-output>
        </test-method> <!-- ValidatingLinksandBookmarks -->
        <test-method is-config="true" signature="afterClass()[pri:0, instance:com.qa.TestScript.TestScenarios@5824a83d]" started-at="2023-10-11T14:46:25 IST" name="afterClass" finished-at="2023-10-11T14:46:26 IST" duration-ms="226" status="PASS">
          <reporter-output>
          </reporter-output>
        </test-method> <!-- afterClass -->
      </class> <!-- com.qa.TestScript.TestScenarios -->
    </test> <!-- Test -->
  </suite> <!-- Suite -->
</testng-results>
