<?xml version="1.0" encoding="UTF-8"?>
<!-- Generated by org.testng.reporters.JUnitXMLReporter -->
<testsuite ignored="0" hostname="Jarvis-Skynet" failures="0" tests="5" name="Test" time="15.046" errors="0" timestamp="2023-10-11T14:46:26 IST">
  <testcase classname="com.qa.TestScript.TestScenarios" name="VerifyFileFormat" time="0.0"/>
  <testcase classname="com.qa.TestScript.TestScenarios" name="ValidateVersionofPDF" time="0.0"/>
  <testcase classname="com.qa.TestScript.TestScenarios" name="CheckPasswordProtectionofPDF" time="0.0"/>
  <testcase classname="com.qa.TestScript.TestScenarios" name="ContentValidation" time="1.022"/>
  <testcase classname="com.qa.TestScript.TestScenarios" name="ValidatingLinksandBookmarks" time="0.015"/>
</testsuite> <!-- Test -->
